<?xml version="1.0" encoding="UTF-8"?>
<testng-results ignored="0" total="4" passed="3" failed="1" skipped="0">
  <reporter-output>
  </reporter-output>
  <suite started-at="2025-03-24T21:21:42 IST" name="Suite" finished-at="2025-03-24T21:21:42 IST" duration-ms="55">
    <groups>
    </groups>
    <test started-at="2025-03-24T21:21:42 IST" name="Test" finished-at="2025-03-24T21:21:42 IST" duration-ms="55">
      <class name="com.framework.testng.concepts.AppCommons">
        <test-method is-config="true" signature="startReporting()[pri:0, instance:com.framework.testng.concepts.AppCommons@8f4ea7c]" started-at="2025-03-24T21:21:42 IST" name="startReporting" finished-at="2025-03-24T21:21:42 IST" duration-ms="5" status="PASS">
          <reporter-output>
          </reporter-output>
        </test-method> <!-- startReporting -->
        <test-method is-config="true" signature="launchBrowserAndApplication(java.lang.String,java.lang.String)[pri:0, instance:com.framework.testng.concepts.AppCommons@8f4ea7c]" started-at="2025-03-24T21:21:42 IST" name="launchBrowserAndApplication" finished-at="2025-03-24T21:21:42 IST" duration-ms="4" status="PASS">
          <params>
            <param index="0">
              <value>
                <![CDATA[chrome]]>
              </value>
            </param>
            <param index="1">
              <value>
                <![CDATA[www.amazon.com]]>
              </value>
            </param>
          </params>
          <reporter-output>
          </reporter-output>
        </test-method> <!-- launchBrowserAndApplication -->
        <test-method signature="TestCase1()[pri:0, instance:com.framework.testng.concepts.AppCommons@8f4ea7c]" started-at="2025-03-24T21:21:42 IST" name="TestCase1" finished-at="2025-03-24T21:21:42 IST" duration-ms="10" status="FAIL">
          <exception class="java.lang.AssertionError">
            <message>
              <![CDATA[Test Case 1 failed]]>
            </message>
            <full-stacktrace>
              <![CDATA[java.lang.AssertionError: Test Case 1 failed
at org.testng.Assert.fail(Assert.java:99)
at com.framework.testng.concepts.AppCommons.TestCase1(AppCommons.java:10)
at java.base/jdk.internal.reflect.DirectMethodHandleAccessor.invoke(DirectMethodHandleAccessor.java:103)
at java.base/java.lang.reflect.Method.invoke(Method.java:580)
at org.testng.internal.MethodInvocationHelper.invokeMethod(MethodInvocationHelper.java:133)
at org.testng.internal.TestInvoker.invokeMethod(TestInvoker.java:598)
at org.testng.internal.TestInvoker.invokeTestMethod(TestInvoker.java:173)
at org.testng.internal.MethodRunner.runInSequence(MethodRunner.java:46)
at org.testng.internal.TestInvoker$MethodInvocationAgent.invoke(TestInvoker.java:824)
at org.testng.internal.TestInvoker.invokeTestMethods(TestInvoker.java:146)
at org.testng.internal.TestMethodWorker.invokeTestMethods(TestMethodWorker.java:146)
at org.testng.internal.TestMethodWorker.run(TestMethodWorker.java:128)
at java.base/java.util.ArrayList.forEach(ArrayList.java:1596)
at org.testng.TestRunner.privateRun(TestRunner.java:794)
at org.testng.TestRunner.run(TestRunner.java:596)
at org.testng.SuiteRunner.runTest(SuiteRunner.java:377)
at org.testng.SuiteRunner.runSequentially(SuiteRunner.java:371)
at org.testng.SuiteRunner.privateRun(SuiteRunner.java:332)
at org.testng.SuiteRunner.run(SuiteRunner.java:276)
at org.testng.SuiteRunnerWorker.runSuite(SuiteRunnerWorker.java:53)
at org.testng.SuiteRunnerWorker.run(SuiteRunnerWorker.java:96)
at org.testng.TestNG.runSuitesSequentially(TestNG.java:1212)
at org.testng.TestNG.runSuitesLocally(TestNG.java:1134)
at org.testng.TestNG.runSuites(TestNG.java:1063)
at org.testng.TestNG.run(TestNG.java:1031)
at org.testng.remote.AbstractRemoteTestNG.run(AbstractRemoteTestNG.java:115)
at org.testng.remote.RemoteTestNG.initAndRun(RemoteTestNG.java:293)
at org.testng.remote.RemoteTestNG.main(RemoteTestNG.java:91)
]]>
            </full-stacktrace>
          </exception> <!-- java.lang.AssertionError -->
          <reporter-output>
          </reporter-output>
        </test-method> <!-- TestCase1 -->
        <test-method is-config="true" signature="closeBrowser()[pri:0, instance:com.framework.testng.concepts.AppCommons@8f4ea7c]" started-at="2025-03-24T21:21:42 IST" name="closeBrowser" finished-at="2025-03-24T21:21:42 IST" duration-ms="0" status="PASS">
          <reporter-output>
          </reporter-output>
        </test-method> <!-- closeBrowser -->
        <test-method is-config="true" signature="launchBrowserAndApplication(java.lang.String,java.lang.String)[pri:0, instance:com.framework.testng.concepts.AppCommons@8f4ea7c]" started-at="2025-03-24T21:21:42 IST" name="launchBrowserAndApplication" finished-at="2025-03-24T21:21:42 IST" duration-ms="1" status="PASS">
          <params>
            <param index="0">
              <value>
                <![CDATA[chrome]]>
              </value>
            </param>
            <param index="1">
              <value>
                <![CDATA[www.amazon.com]]>
              </value>
            </param>
          </params>
          <reporter-output>
          </reporter-output>
        </test-method> <!-- launchBrowserAndApplication -->
        <test-method signature="TestCase2()[pri:0, instance:com.framework.testng.concepts.AppCommons@8f4ea7c]" started-at="2025-03-24T21:21:42 IST" name="TestCase2" finished-at="2025-03-24T21:21:42 IST" duration-ms="1" status="PASS">
          <reporter-output>
          </reporter-output>
        </test-method> <!-- TestCase2 -->
        <test-method is-config="true" signature="closeBrowser()[pri:0, instance:com.framework.testng.concepts.AppCommons@8f4ea7c]" started-at="2025-03-24T21:21:42 IST" name="closeBrowser" finished-at="2025-03-24T21:21:42 IST" duration-ms="0" status="PASS">
          <reporter-output>
          </reporter-output>
        </test-method> <!-- closeBrowser -->
        <test-method is-config="true" signature="launchBrowserAndApplication(java.lang.String,java.lang.String)[pri:0, instance:com.framework.testng.concepts.AppCommons@8f4ea7c]" started-at="2025-03-24T21:21:42 IST" name="launchBrowserAndApplication" finished-at="2025-03-24T21:21:42 IST" duration-ms="0" status="PASS">
          <params>
            <param index="0">
              <value>
                <![CDATA[chrome]]>
              </value>
            </param>
            <param index="1">
              <value>
                <![CDATA[www.amazon.com]]>
              </value>
            </param>
          </params>
          <reporter-output>
          </reporter-output>
        </test-method> <!-- launchBrowserAndApplication -->
        <test-method signature="TestCase3(java.lang.String,java.lang.String)[pri:0, instance:com.framework.testng.concepts.AppCommons@8f4ea7c]" started-at="2025-03-24T21:21:42 IST" name="TestCase3" data-provider="testcase3" finished-at="2025-03-24T21:21:42 IST" duration-ms="3" status="PASS">
          <params>
            <param index="0">
              <value>
                <![CDATA[Bharath]]>
              </value>
            </param>
            <param index="1">
              <value>
                <![CDATA[Bharath123]]>
              </value>
            </param>
          </params>
          <reporter-output>
          </reporter-output>
        </test-method> <!-- TestCase3 -->
        <test-method is-config="true" signature="launchBrowserAndApplication(java.lang.String,java.lang.String)[pri:0, instance:com.framework.testng.concepts.AppCommons@8f4ea7c]" started-at="2025-03-24T21:21:42 IST" name="launchBrowserAndApplication" finished-at="2025-03-24T21:21:42 IST" duration-ms="1" status="PASS">
          <params>
            <param index="0">
              <value>
                <![CDATA[chrome]]>
              </value>
            </param>
            <param index="1">
              <value>
                <![CDATA[www.amazon.com]]>
              </value>
            </param>
          </params>
          <reporter-output>
          </reporter-output>
        </test-method> <!-- launchBrowserAndApplication -->
        <test-method is-config="true" signature="closeBrowser()[pri:0, instance:com.framework.testng.concepts.AppCommons@8f4ea7c]" started-at="2025-03-24T21:21:42 IST" name="closeBrowser" finished-at="2025-03-24T21:21:42 IST" duration-ms="0" status="PASS">
          <reporter-output>
          </reporter-output>
        </test-method> <!-- closeBrowser -->
        <test-method signature="TestCase3(java.lang.String,java.lang.String)[pri:0, instance:com.framework.testng.concepts.AppCommons@8f4ea7c]" started-at="2025-03-24T21:21:42 IST" name="TestCase3" data-provider="testcase3" finished-at="2025-03-24T21:21:42 IST" duration-ms="1" status="PASS">
          <params>
            <param index="0">
              <value>
                <![CDATA[sfjbjw324729]]>
              </value>
            </param>
            <param index="1">
              <value>
                <![CDATA[jh#%&^$%]]>
              </value>
            </param>
          </params>
          <reporter-output>
          </reporter-output>
        </test-method> <!-- TestCase3 -->
        <test-method is-config="true" signature="closeBrowser()[pri:0, instance:com.framework.testng.concepts.AppCommons@8f4ea7c]" started-at="2025-03-24T21:21:42 IST" name="closeBrowser" finished-at="2025-03-24T21:21:42 IST" duration-ms="0" status="PASS">
          <reporter-output>
          </reporter-output>
        </test-method> <!-- closeBrowser -->
        <test-method is-config="true" signature="stopReporting()[pri:0, instance:com.framework.testng.concepts.AppCommons@8f4ea7c]" started-at="2025-03-24T21:21:43 IST" name="stopReporting" finished-at="2025-03-24T21:21:43 IST" duration-ms="0" status="PASS">
          <reporter-output>
          </reporter-output>
        </test-method> <!-- stopReporting -->
      </class> <!-- com.framework.testng.concepts.AppCommons -->
    </test> <!-- Test -->
  </suite> <!-- Suite -->
</testng-results>
